2025-12-28T07:15:42.786097Z  INFO reovim: reovim starting
2025-12-28T07:15:42.786426Z  INFO reovim: opening file test.txt
2025-12-28T07:15:42.787775Z DEBUG reovim::tui::tree: mark_dirty: id=2
2025-12-28T07:15:42.787827Z DEBUG reovim::tui::tree: mark_dirty: id=3
2025-12-28T07:15:42.787920Z DEBUG reovim::tui::tree: render_node id=0: rect=(0,0) 55x15 dirty=true
2025-12-28T07:15:42.792064Z DEBUG reovim::tui::tree: render_node id=1: rect=(0,0) 55x14 dirty=false
2025-12-28T07:15:42.792089Z DEBUG reovim::tui::tree: render_node id=2: rect=(0,0) 55x14 dirty=true
2025-12-28T07:15:42.795446Z DEBUG reovim::tui::tree: render_node id=3: rect=(0,14) 55x1 dirty=true
2025-12-28T07:15:43.134891Z DEBUG reovim::tui::tree: mark_dirty: id=3
2025-12-28T07:15:43.135210Z DEBUG reovim::tui::tree: render_node id=0: rect=(0,0) 55x15 dirty=false
2025-12-28T07:15:43.135265Z DEBUG reovim::tui::tree: render_node id=1: rect=(0,0) 55x14 dirty=false
2025-12-28T07:15:43.135307Z DEBUG reovim::tui::tree: render_node id=2: rect=(0,0) 55x14 dirty=false
2025-12-28T07:15:43.135351Z DEBUG reovim::tui::tree: render_node id=3: rect=(0,14) 55x1 dirty=true
2025-12-28T07:15:43.168478Z DEBUG reovim::tui::tree: mark_dirty: id=3
2025-12-28T07:15:43.168689Z DEBUG reovim::tui::tree: render_node id=0: rect=(0,0) 55x15 dirty=false
2025-12-28T07:15:43.168720Z DEBUG reovim::tui::tree: render_node id=1: rect=(0,0) 55x14 dirty=false
2025-12-28T07:15:43.168745Z DEBUG reovim::tui::tree: render_node id=2: rect=(0,0) 55x14 dirty=false
2025-12-28T07:15:43.168768Z DEBUG reovim::tui::tree: render_node id=3: rect=(0,14) 55x1 dirty=true
2025-12-28T07:15:43.174531Z DEBUG reovim::tui::tree: mark_dirty: id=3
2025-12-28T07:15:43.174618Z DEBUG reovim::tui::tree: render_node id=0: rect=(0,0) 55x15 dirty=false
2025-12-28T07:15:43.174641Z DEBUG reovim::tui::tree: render_node id=1: rect=(0,0) 55x14 dirty=false
2025-12-28T07:15:43.174657Z DEBUG reovim::tui::tree: render_node id=2: rect=(0,0) 55x14 dirty=false
2025-12-28T07:15:43.174673Z DEBUG reovim::tui::tree: render_node id=3: rect=(0,14) 55x1 dirty=true
2025-12-28T07:15:43.190776Z DEBUG reovim::tui::tree: mark_dirty: id=3
2025-12-28T07:15:43.190878Z DEBUG reovim::tui::tree: render_node id=0: rect=(0,0) 55x15 dirty=false
2025-12-28T07:15:43.190904Z DEBUG reovim::tui::tree: render_node id=1: rect=(0,0) 55x14 dirty=false
2025-12-28T07:15:43.190922Z DEBUG reovim::tui::tree: render_node id=2: rect=(0,0) 55x14 dirty=false
2025-12-28T07:15:43.190938Z DEBUG reovim::tui::tree: render_node id=3: rect=(0,14) 55x1 dirty=true
2025-12-28T07:15:43.206799Z DEBUG reovim::tui::tree: mark_dirty: id=3
2025-12-28T07:15:43.206863Z DEBUG reovim::tui::tree: render_node id=0: rect=(0,0) 55x15 dirty=false
2025-12-28T07:15:43.206886Z DEBUG reovim::tui::tree: render_node id=1: rect=(0,0) 55x14 dirty=false
2025-12-28T07:15:43.206900Z DEBUG reovim::tui::tree: render_node id=2: rect=(0,0) 55x14 dirty=false
2025-12-28T07:15:43.206914Z DEBUG reovim::tui::tree: render_node id=3: rect=(0,14) 55x1 dirty=true
2025-12-28T07:15:43.222602Z DEBUG reovim::tui::tree: mark_dirty: id=3
2025-12-28T07:15:43.222676Z DEBUG reovim::tui::tree: render_node id=0: rect=(0,0) 55x15 dirty=false
2025-12-28T07:15:43.222697Z DEBUG reovim::tui::tree: render_node id=1: rect=(0,0) 55x14 dirty=false
2025-12-28T07:15:43.222712Z DEBUG reovim::tui::tree: render_node id=2: rect=(0,0) 55x14 dirty=false
2025-12-28T07:15:43.222725Z DEBUG reovim::tui::tree: render_node id=3: rect=(0,14) 55x1 dirty=true
2025-12-28T07:15:43.249868Z DEBUG reovim::tui::tree: mark_dirty: id=3
2025-12-28T07:15:43.249929Z DEBUG reovim::tui::tree: render_node id=0: rect=(0,0) 55x15 dirty=false
2025-12-28T07:15:43.249949Z DEBUG reovim::tui::tree: render_node id=1: rect=(0,0) 55x14 dirty=false
2025-12-28T07:15:43.249963Z DEBUG reovim::tui::tree: render_node id=2: rect=(0,0) 55x14 dirty=false
2025-12-28T07:15:43.249976Z DEBUG reovim::tui::tree: render_node id=3: rect=(0,14) 55x1 dirty=true
2025-12-28T07:15:43.566050Z DEBUG reovim::tui::tree: mark_dirty: id=2
2025-12-28T07:15:43.566357Z DEBUG reovim::tui::tree: render_node id=0: rect=(0,0) 55x15 dirty=false
2025-12-28T07:15:43.566489Z DEBUG reovim::tui::tree: render_node id=1: rect=(0,0) 55x14 dirty=false
2025-12-28T07:15:43.566535Z DEBUG reovim::tui::tree: render_node id=2: rect=(0,0) 55x14 dirty=true
2025-12-28T07:15:43.570833Z DEBUG reovim::tui::tree: render_node id=3: rect=(0,14) 55x1 dirty=false
2025-12-28T07:15:43.616066Z DEBUG reovim::tui::tree: mark_dirty: id=2
2025-12-28T07:15:43.616346Z DEBUG reovim::tui::tree: render_node id=0: rect=(0,0) 55x15 dirty=false
2025-12-28T07:15:43.616388Z DEBUG reovim::tui::tree: render_node id=1: rect=(0,0) 55x14 dirty=false
2025-12-28T07:15:43.616419Z DEBUG reovim::tui::tree: render_node id=2: rect=(0,0) 55x14 dirty=true
2025-12-28T07:15:43.620330Z DEBUG reovim::tui::tree: render_node id=3: rect=(0,14) 55x1 dirty=false
2025-12-28T07:15:43.652126Z DEBUG reovim::tui::tree: mark_dirty: id=2
2025-12-28T07:15:43.652323Z DEBUG reovim::tui::tree: render_node id=0: rect=(0,0) 55x15 dirty=false
2025-12-28T07:15:43.652351Z DEBUG reovim::tui::tree: render_node id=1: rect=(0,0) 55x14 dirty=false
2025-12-28T07:15:43.652434Z DEBUG reovim::tui::tree: render_node id=2: rect=(0,0) 55x14 dirty=true
2025-12-28T07:15:43.655851Z DEBUG reovim::tui::tree: render_node id=3: rect=(0,14) 55x1 dirty=false
2025-12-28T07:15:43.684973Z DEBUG reovim::tui::tree: mark_dirty: id=3
2025-12-28T07:15:43.685070Z DEBUG reovim::tui::tree: render_node id=0: rect=(0,0) 55x15 dirty=false
2025-12-28T07:15:43.685102Z DEBUG reovim::tui::tree: render_node id=1: rect=(0,0) 55x14 dirty=false
2025-12-28T07:15:43.685123Z DEBUG reovim::tui::tree: render_node id=2: rect=(0,0) 55x14 dirty=false
2025-12-28T07:15:43.685145Z DEBUG reovim::tui::tree: render_node id=3: rect=(0,14) 55x1 dirty=true
2025-12-28T07:15:43.717014Z DEBUG reovim::tui::tree: mark_dirty: id=2
2025-12-28T07:15:43.717142Z DEBUG reovim::tui::tree: render_node id=0: rect=(0,0) 55x15 dirty=false
2025-12-28T07:15:43.717177Z DEBUG reovim::tui::tree: render_node id=1: rect=(0,0) 55x14 dirty=false
2025-12-28T07:15:43.717202Z DEBUG reovim::tui::tree: render_node id=2: rect=(0,0) 55x14 dirty=true
2025-12-28T07:15:43.721008Z DEBUG reovim::tui::tree: render_node id=3: rect=(0,14) 55x1 dirty=false
2025-12-28T07:15:43.991593Z DEBUG reovim::tui::tree: mark_dirty: id=2
2025-12-28T07:15:43.991746Z DEBUG reovim::tui::tree: render_node id=0: rect=(0,0) 55x15 dirty=false
2025-12-28T07:15:43.991771Z DEBUG reovim::tui::tree: render_node id=1: rect=(0,0) 55x14 dirty=false
2025-12-28T07:15:43.991791Z DEBUG reovim::tui::tree: render_node id=2: rect=(0,0) 55x14 dirty=true
2025-12-28T07:15:43.999137Z DEBUG reovim::tui::tree: render_node id=3: rect=(0,14) 55x1 dirty=false
2025-12-28T07:15:44.057835Z DEBUG reovim::tui::tree: mark_dirty: id=3
2025-12-28T07:15:44.058011Z DEBUG reovim::tui::tree: render_node id=0: rect=(0,0) 55x15 dirty=false
2025-12-28T07:15:44.058044Z DEBUG reovim::tui::tree: render_node id=1: rect=(0,0) 55x14 dirty=false
2025-12-28T07:15:44.058064Z DEBUG reovim::tui::tree: render_node id=2: rect=(0,0) 55x14 dirty=false
2025-12-28T07:15:44.058085Z DEBUG reovim::tui::tree: render_node id=3: rect=(0,14) 55x1 dirty=true
2025-12-28T07:15:44.074603Z DEBUG reovim::tui::tree: mark_dirty: id=2
2025-12-28T07:15:44.074746Z DEBUG reovim::tui::tree: render_node id=0: rect=(0,0) 55x15 dirty=false
2025-12-28T07:15:44.074775Z DEBUG reovim::tui::tree: render_node id=1: rect=(0,0) 55x14 dirty=false
2025-12-28T07:15:44.074883Z DEBUG reovim::tui::tree: render_node id=2: rect=(0,0) 55x14 dirty=true
2025-12-28T07:15:44.077998Z DEBUG reovim::tui::tree: render_node id=3: rect=(0,14) 55x1 dirty=false
2025-12-28T07:15:44.127169Z DEBUG reovim::tui::tree: mark_dirty: id=2
2025-12-28T07:15:44.127315Z DEBUG reovim::tui::tree: render_node id=0: rect=(0,0) 55x15 dirty=false
2025-12-28T07:15:44.134929Z DEBUG reovim::tui::tree: render_node id=1: rect=(0,0) 55x14 dirty=false
2025-12-28T07:15:44.135185Z DEBUG reovim::tui::tree: render_node id=2: rect=(0,0) 55x14 dirty=true
2025-12-28T07:15:44.140409Z DEBUG reovim::tui::tree: render_node id=3: rect=(0,14) 55x1 dirty=false
2025-12-28T07:15:44.149585Z DEBUG reovim::tui::tree: mark_dirty: id=3
2025-12-28T07:15:44.149649Z DEBUG reovim::tui::tree: render_node id=0: rect=(0,0) 55x15 dirty=false
2025-12-28T07:15:44.149661Z DEBUG reovim::tui::tree: render_node id=1: rect=(0,0) 55x14 dirty=false
2025-12-28T07:15:44.149682Z DEBUG reovim::tui::tree: render_node id=2: rect=(0,0) 55x14 dirty=false
2025-12-28T07:15:44.149691Z DEBUG reovim::tui::tree: render_node id=3: rect=(0,14) 55x1 dirty=true
2025-12-28T07:15:44.191152Z DEBUG reovim::tui::tree: mark_dirty: id=2
2025-12-28T07:15:44.191301Z DEBUG reovim::tui::tree: render_node id=0: rect=(0,0) 55x15 dirty=false
2025-12-28T07:15:44.191328Z DEBUG reovim::tui::tree: render_node id=1: rect=(0,0) 55x14 dirty=false
2025-12-28T07:15:44.191349Z DEBUG reovim::tui::tree: render_node id=2: rect=(0,0) 55x14 dirty=true
2025-12-28T07:15:44.194900Z DEBUG reovim::tui::tree: render_node id=3: rect=(0,14) 55x1 dirty=false
2025-12-28T07:15:44.780508Z DEBUG reovim::tui::tree: mark_dirty: id=3
2025-12-28T07:15:44.780711Z  INFO reovim: reovim shutting down
